2025-10-22 07:34:32.207 [info] [main] Log level: Info
2025-10-22 07:34:32.207 [info] [main] Validating found git in: "git"
2025-10-22 07:34:32.207 [info] [main] Using git "2.43.0" from "git"
2025-10-22 07:34:32.207 [info] [Model][doInitialScan] Initial repository scan started
2025-10-22 07:34:32.207 [info] > git rev-parse --show-toplevel [9ms]
2025-10-22 07:34:32.207 [info] fatal: not a git repository (or any parent up to mount point /)
Stopping at filesystem boundary (GIT_DISCOVERY_ACROSS_FILESYSTEM not set).
2025-10-22 07:34:32.213 [info] > git rev-parse --show-toplevel [2ms]
2025-10-22 07:34:32.213 [info] fatal: not a git repository (or any parent up to mount point /)
Stopping at filesystem boundary (GIT_DISCOVERY_ACROSS_FILESYSTEM not set).
2025-10-22 07:34:32.218 [info] > git rev-parse --show-toplevel [2ms]
2025-10-22 07:34:32.218 [info] fatal: not a git repository (or any parent up to mount point /)
Stopping at filesystem boundary (GIT_DISCOVERY_ACROSS_FILESYSTEM not set).
2025-10-22 07:34:32.223 [info] > git rev-parse --show-toplevel [2ms]
2025-10-22 07:34:32.223 [info] fatal: not a git repository (or any parent up to mount point /)
Stopping at filesystem boundary (GIT_DISCOVERY_ACROSS_FILESYSTEM not set).
2025-10-22 07:34:32.228 [info] > git rev-parse --show-toplevel [2ms]
2025-10-22 07:34:32.228 [info] fatal: not a git repository (or any parent up to mount point /)
Stopping at filesystem boundary (GIT_DISCOVERY_ACROSS_FILESYSTEM not set).
2025-10-22 07:34:32.232 [info] > git rev-parse --show-toplevel [2ms]
2025-10-22 07:34:32.232 [info] fatal: not a git repository (or any parent up to mount point /)
Stopping at filesystem boundary (GIT_DISCOVERY_ACROSS_FILESYSTEM not set).
2025-10-22 07:34:32.236 [info] > git rev-parse --show-toplevel [2ms]
2025-10-22 07:34:32.236 [info] fatal: not a git repository (or any parent up to mount point /)
Stopping at filesystem boundary (GIT_DISCOVERY_ACROSS_FILESYSTEM not set).
2025-10-22 07:34:32.245 [info] > git rev-parse --show-toplevel [6ms]
2025-10-22 07:34:32.245 [info] fatal: not a git repository (or any parent up to mount point /)
Stopping at filesystem boundary (GIT_DISCOVERY_ACROSS_FILESYSTEM not set).
2025-10-22 07:34:32.250 [info] > git rev-parse --show-toplevel [2ms]
2025-10-22 07:34:32.250 [info] fatal: not a git repository (or any parent up to mount point /)
Stopping at filesystem boundary (GIT_DISCOVERY_ACROSS_FILESYSTEM not set).
2025-10-22 07:34:32.270 [info] > git rev-parse --show-toplevel [17ms]
2025-10-22 07:34:32.271 [info] fatal: not a git repository (or any parent up to mount point /)
Stopping at filesystem boundary (GIT_DISCOVERY_ACROSS_FILESYSTEM not set).
2025-10-22 07:34:32.271 [info] [Model][doInitialScan] Initial repository scan completed - repositories (0), closed repositories (0), parent repositories (0), unsafe repositories (0)
2025-10-22 07:34:42.532 [info] > git rev-parse --show-toplevel [2ms]
2025-10-22 07:34:42.532 [info] fatal: not a git repository (or any parent up to mount point /)
Stopping at filesystem boundary (GIT_DISCOVERY_ACROSS_FILESYSTEM not set).
2025-10-22 07:34:45.047 [info] > git rev-parse --show-toplevel [15ms]
2025-10-22 07:34:45.047 [info] fatal: not a git repository (or any parent up to mount point /)
Stopping at filesystem boundary (GIT_DISCOVERY_ACROSS_FILESYSTEM not set).
2025-10-22 07:34:45.166 [info] > git rev-parse --show-toplevel [25ms]
2025-10-22 07:34:45.166 [info] fatal: not a git repository (or any parent up to mount point /)
Stopping at filesystem boundary (GIT_DISCOVERY_ACROSS_FILESYSTEM not set).
2025-10-22 07:34:45.234 [info] > git rev-parse --show-toplevel [9ms]
2025-10-22 07:34:45.234 [info] fatal: not a git repository (or any parent up to mount point /)
Stopping at filesystem boundary (GIT_DISCOVERY_ACROSS_FILESYSTEM not set).
2025-10-22 07:34:45.318 [info] > git rev-parse --show-toplevel [11ms]
2025-10-22 07:34:45.318 [info] fatal: not a git repository (or any parent up to mount point /)
Stopping at filesystem boundary (GIT_DISCOVERY_ACROSS_FILESYSTEM not set).
2025-10-22 07:34:45.537 [info] > git rev-parse --show-toplevel [8ms]
2025-10-22 07:34:45.538 [info] fatal: not a git repository (or any parent up to mount point /)
Stopping at filesystem boundary (GIT_DISCOVERY_ACROSS_FILESYSTEM not set).
2025-10-22 07:34:46.414 [info] > git rev-parse --show-toplevel [2ms]
2025-10-22 07:34:46.415 [info] fatal: not a git repository (or any parent up to mount point /)
Stopping at filesystem boundary (GIT_DISCOVERY_ACROSS_FILESYSTEM not set).
2025-10-22 07:34:46.431 [info] > git rev-parse --show-toplevel [3ms]
2025-10-22 07:34:46.431 [info] fatal: not a git repository (or any parent up to mount point /)
Stopping at filesystem boundary (GIT_DISCOVERY_ACROSS_FILESYSTEM not set).
2025-10-22 07:34:46.605 [info] > git rev-parse --show-toplevel [18ms]
2025-10-22 07:34:46.605 [info] fatal: not a git repository (or any parent up to mount point /)
Stopping at filesystem boundary (GIT_DISCOVERY_ACROSS_FILESYSTEM not set).
2025-10-22 07:34:46.633 [info] > git rev-parse --show-toplevel [7ms]
2025-10-22 07:34:46.633 [info] fatal: not a git repository (or any parent up to mount point /)
Stopping at filesystem boundary (GIT_DISCOVERY_ACROSS_FILESYSTEM not set).
2025-10-22 07:34:55.712 [info] > git rev-parse --show-toplevel [5ms]
2025-10-22 07:34:55.712 [info] fatal: not a git repository (or any parent up to mount point /)
Stopping at filesystem boundary (GIT_DISCOVERY_ACROSS_FILESYSTEM not set).
2025-10-22 07:37:05.865 [info] > git rev-parse --show-toplevel [3ms]
2025-10-22 07:37:05.865 [info] fatal: not a git repository (or any parent up to mount point /)
Stopping at filesystem boundary (GIT_DISCOVERY_ACROSS_FILESYSTEM not set).
2025-10-22 07:38:48.199 [info] > git rev-parse --show-toplevel [1ms]
2025-10-22 07:38:48.209 [info] > git rev-parse --git-dir --git-common-dir [2ms]
2025-10-22 07:38:48.220 [info] [Model][openRepository] Opened repository (path): /home/lk117868
2025-10-22 07:38:48.220 [info] [Model][openRepository] Opened repository (real path): /home/lk117868
2025-10-22 07:38:48.231 [info] > git config --get commit.template [2ms]
2025-10-22 07:38:48.239 [info] [Git][getRemotes] No remotes found in the git config file
2025-10-22 07:38:48.241 [info] > git for-each-ref --format=%(refname)%00%(upstream:short)%00%(objectname)%00%(upstream:track)%00%(upstream:remotename)%00%(upstream:remoteref) refs/heads/master refs/remotes/master [3ms]
2025-10-22 07:38:48.242 [warning] [Git][getBranch] No such branch: master
2025-10-22 07:38:48.267 [info] > git for-each-ref --sort -committerdate --format %(refname)%00%(objectname)%00%(*objectname) [6ms]
2025-10-22 07:38:48.339 [info] > git status -z -uall [89ms]
2025-10-22 07:38:49.884 [info] > git for-each-ref --format=%(refname)%00%(upstream:short)%00%(objectname)%00%(upstream:track)%00%(upstream:remotename)%00%(upstream:remoteref) refs/heads/master refs/remotes/master [1394ms]
2025-10-22 07:38:49.886 [warning] [Git][getBranch] No such branch: master
2025-10-22 07:38:49.887 [error] [GitHistoryProvider][resolveHEADMergeBase] Failed to resolve merge base for master: Error: No such branch: master.
2025-10-22 07:38:49.939 [info] > git config --get commit.template [73ms]
2025-10-22 07:38:49.941 [info] > git check-ignore -v -z --stdin [8ms]
2025-10-22 07:38:49.957 [info] [Git][getRemotes] No remotes found in the git config file
2025-10-22 07:38:49.958 [info] > git for-each-ref --format=%(refname)%00%(upstream:short)%00%(objectname)%00%(upstream:track)%00%(upstream:remotename)%00%(upstream:remoteref) refs/heads/master refs/remotes/master [1ms]
2025-10-22 07:38:49.958 [warning] [Git][getBranch] No such branch: master
2025-10-22 07:38:50.003 [info] > git for-each-ref --sort -committerdate --format %(refname)%00%(objectname)%00%(*objectname) [9ms]
2025-10-22 07:38:50.119 [info] > git status -z -uall [153ms]
