2025-08-18 04:15:44.176 [info] [main] Log level: Info
2025-08-18 04:15:44.176 [info] [main] Validating found git in: "git"
2025-08-18 04:15:44.203 [info] [main] Using git "2.43.0" from "git"
2025-08-18 04:15:44.203 [info] [Model][doInitialScan] Initial repository scan started
2025-08-18 04:15:46.534 [info] > git rev-parse --show-toplevel [7ms]
2025-08-18 04:15:46.534 [info] fatal: not a git repository (or any parent up to mount point /)
Stopping at filesystem boundary (GIT_DISCOVERY_ACROSS_FILESYSTEM not set).
2025-08-18 04:15:46.542 [info] > git rev-parse --show-toplevel [2ms]
2025-08-18 04:15:46.542 [info] fatal: not a git repository (or any parent up to mount point /)
Stopping at filesystem boundary (GIT_DISCOVERY_ACROSS_FILESYSTEM not set).
2025-08-18 04:15:46.549 [info] > git rev-parse --show-toplevel [2ms]
2025-08-18 04:15:46.550 [info] fatal: not a git repository (or any parent up to mount point /)
Stopping at filesystem boundary (GIT_DISCOVERY_ACROSS_FILESYSTEM not set).
2025-08-18 04:15:46.662 [info] > git rev-parse --show-toplevel [108ms]
2025-08-18 04:15:46.663 [info] fatal: not a git repository (or any parent up to mount point /)
Stopping at filesystem boundary (GIT_DISCOVERY_ACROSS_FILESYSTEM not set).
2025-08-18 04:15:46.950 [info] > git rev-parse --show-toplevel [281ms]
2025-08-18 04:15:46.950 [info] fatal: not a git repository (or any parent up to mount point /)
Stopping at filesystem boundary (GIT_DISCOVERY_ACROSS_FILESYSTEM not set).
2025-08-18 04:15:47.040 [info] > git rev-parse --show-toplevel [78ms]
2025-08-18 04:15:47.040 [info] fatal: not a git repository (or any parent up to mount point /)
Stopping at filesystem boundary (GIT_DISCOVERY_ACROSS_FILESYSTEM not set).
2025-08-18 04:15:50.029 [info] > git rev-parse --show-toplevel [2958ms]
2025-08-18 04:15:50.029 [info] fatal: not a git repository (or any parent up to mount point /)
Stopping at filesystem boundary (GIT_DISCOVERY_ACROSS_FILESYSTEM not set).
2025-08-18 04:15:50.049 [info] > git rev-parse --show-toplevel [7ms]
2025-08-18 04:15:50.049 [info] fatal: not a git repository (or any parent up to mount point /)
Stopping at filesystem boundary (GIT_DISCOVERY_ACROSS_FILESYSTEM not set).
2025-08-18 04:15:50.107 [info] > git rev-parse --show-toplevel [21ms]
2025-08-18 04:15:50.107 [info] fatal: not a git repository (or any parent up to mount point /)
Stopping at filesystem boundary (GIT_DISCOVERY_ACROSS_FILESYSTEM not set).
2025-08-18 04:15:50.128 [info] > git rev-parse --show-toplevel [11ms]
2025-08-18 04:15:50.128 [info] fatal: not a git repository (or any parent up to mount point /)
Stopping at filesystem boundary (GIT_DISCOVERY_ACROSS_FILESYSTEM not set).
2025-08-18 04:15:50.130 [info] [Model][doInitialScan] Initial repository scan completed - repositories (0), closed repositories (0), parent repositories (0), unsafe repositories (0)
2025-08-18 04:15:50.142 [info] > git rev-parse --show-toplevel [3ms]
2025-08-18 04:15:50.142 [info] fatal: not a git repository (or any parent up to mount point /)
Stopping at filesystem boundary (GIT_DISCOVERY_ACROSS_FILESYSTEM not set).
