0 verbose cli /usr/local/nvm/versions/node/v22.20.0/bin/node /usr/local/nvm/versions/node/v22.20.0/bin/npm
1 info using npm@11.6.2
2 info using node@v22.20.0
3 silly config load:file:/usr/local/nvm/versions/node/v22.20.0/lib/node_modules/npm/npmrc
4 silly config load:file:/home/lk117868/.cache/typescript/5.8/.npmrc
5 silly config load:file:/home/lk117868/.npmrc
6 silly config load:file:/usr/local/nvm/versions/node/v22.20.0/etc/npmrc
7 verbose title npm install types-registry@latest
8 verbose argv "install" "--ignore-scripts" "types-registry@latest"
9 verbose logfile logs-max:10 dir:/home/lk117868/.npm/_logs/2025-10-22T07_37_19_202Z-
10 verbose logfile /home/lk117868/.npm/_logs/2025-10-22T07_37_19_202Z-debug-0.log
11 silly logfile start cleaning logs, removing 2 files
12 silly packumentCache heap:2197815296 maxSize:549453824 maxEntrySize:274726912
13 silly logfile done cleaning log files
14 silly packumentCache corgi:https://registry.npmjs.org/types-registry cache-miss
15 http fetch GET 200 https://registry.npmjs.org/types-registry 180ms (cache revalidated)
16 silly packumentCache corgi:https://registry.npmjs.org/types-registry set size:610452 disposed:false
17 silly idealTree buildDeps
18 silly fetch manifest types-registry@0.1.743
19 silly packumentCache full:https://registry.npmjs.org/types-registry cache-miss
20 http fetch GET 200 https://registry.npmjs.org/types-registry 111ms (cache revalidated)
21 silly packumentCache full:https://registry.npmjs.org/types-registry set size:1306415 disposed:false
22 silly placeDep ROOT types-registry@0.1.743 REPLACE for:  want: 0.1.743
23 silly reify moves {}
24 silly audit bulk request {
24 silly audit   '@types/accepts': [ '1.3.7' ],
24 silly audit   '@types/body-parser': [ '1.19.6' ],
24 silly audit   '@types/bytes': [ '3.1.5' ],
24 silly audit   '@types/combined-stream': [ '1.0.6' ],
24 silly audit   '@types/connect': [ '3.4.38' ],
24 silly audit   '@types/content-disposition': [ '0.5.9' ],
24 silly audit   '@types/content-type': [ '1.1.9' ],
24 silly audit   '@types/cookie-signature': [ '1.1.2' ],
24 silly audit   '@types/debug': [ '4.1.12' ],
24 silly audit   '@types/depd': [ '1.1.37' ],
24 silly audit   '@types/destroy': [ '1.0.3' ],
24 silly audit   '@types/ee-first': [ '1.1.3' ],
24 silly audit   '@types/encodeurl': [ '1.0.3' ],
24 silly audit   '@types/escape-html': [ '1.0.4' ],
24 silly audit   '@types/etag': [ '1.8.4' ],
24 silly audit   '@types/events': [ '3.0.3' ],
24 silly audit   '@types/express': [ '5.0.3' ],
24 silly audit   '@types/express-serve-static-core': [ '5.1.0' ],
24 silly audit   '@types/extend': [ '3.0.4' ],
24 silly audit   '@types/finalhandler': [ '1.2.4' ],
24 silly audit   '@types/follow-redirects': [ '1.14.4' ],
24 silly audit   '@types/forwarded': [ '0.1.4' ],
24 silly audit   '@types/fresh': [ '0.5.3' ],
24 silly audit   '@types/function-bind': [ '1.1.10' ],
24 silly audit   '@types/get-intrinsic': [ '1.2.3' ],
24 silly audit   '@types/gopd': [ '1.0.3' ],
24 silly audit   '@types/http-errors': [ '2.0.5' ],
24 silly audit   '@types/inherits': [ '2.0.0' ],
24 silly audit   '@types/json-bigint': [ '1.0.4' ],
24 silly audit   '@types/jwa': [ '2.0.3' ],
24 silly audit   '@types/jws': [ '3.2.10' ],
24 silly audit   '@types/media-typer': [ '1.1.3' ],
24 silly audit   '@types/merge-descriptors': [ '1.0.3' ],
24 silly audit   '@types/methods': [ '1.1.4' ],
24 silly audit   '@types/mime': [ '1.3.5' ],
24 silly audit   '@types/mime-db': [ '1.43.6' ],
24 silly audit   '@types/mime-types': [ '3.0.1' ],
24 silly audit   '@types/ms': [ '2.1.0' ],
24 silly audit   '@types/negotiator': [ '0.6.4' ],
24 silly audit   '@types/node': [ '24.8.1' ],
24 silly audit   '@types/node-fetch': [ '2.6.13' ],
24 silly audit   '@types/object-inspect': [ '1.13.0' ],
24 silly audit   '@types/on-finished': [ '2.3.5' ],
24 silly audit   '@types/parseurl': [ '1.3.3' ],
24 silly audit   '@types/proxy-addr': [ '2.0.3' ],
24 silly audit   '@types/proxy-from-env': [ '1.0.4' ],
24 silly audit   '@types/qs': [ '6.14.0' ],
24 silly audit   '@types/range-parser': [ '1.2.7' ],
24 silly audit   '@types/react': [ '19.2.2' ],
24 silly audit   '@types/readable-stream': [ '4.0.21' ],
24 silly audit   '@types/safer-buffer': [ '2.1.3' ],
24 silly audit   '@types/send': [ '1.2.0', '0.17.5' ],
24 silly audit   '@types/serve-static': [ '1.15.9' ],
24 silly audit   '@types/statuses': [ '2.0.6' ],
24 silly audit   '@types/toidentifier': [ '1.0.2' ],
24 silly audit   '@types/tr46': [ '5.0.1' ],
24 silly audit   '@types/type-is': [ '1.6.7' ],
24 silly audit   '@types/utils-merge': [ '1.0.0' ],
24 silly audit   '@types/vary': [ '1.1.3' ],
24 silly audit   '@types/webidl-conversions': [ '7.0.3' ],
24 silly audit   '@types/whatwg-url': [ '13.0.0' ],
24 silly audit   asynckit: [ '0.4.0' ],
24 silly audit   'call-bind-apply-helpers': [ '1.0.2' ],
24 silly audit   'combined-stream': [ '1.0.8' ],
24 silly audit   csstype: [ '3.1.3' ],
24 silly audit   'delayed-stream': [ '1.0.0' ],
24 silly audit   'dunder-proto': [ '1.0.1' ],
24 silly audit   'es-define-property': [ '1.0.1' ],
24 silly audit   'es-errors': [ '1.3.0' ],
24 silly audit   'es-object-atoms': [ '1.1.1' ],
24 silly audit   'es-set-tostringtag': [ '2.1.0' ],
24 silly audit   'form-data': [ '4.0.4' ],
24 silly audit   'function-bind': [ '1.1.2' ],
24 silly audit   'get-intrinsic': [ '1.3.0' ],
24 silly audit   'get-proto': [ '1.0.1' ],
24 silly audit   gopd: [ '1.2.0' ],
24 silly audit   'has-symbols': [ '1.1.0' ],
24 silly audit   'has-tostringtag': [ '1.0.2' ],
24 silly audit   hasown: [ '2.0.2' ],
24 silly audit   'math-intrinsics': [ '1.1.0' ],
24 silly audit   'mime-db': [ '1.52.0' ],
24 silly audit   'mime-types': [ '2.1.35' ],
24 silly audit   'undici-types': [ '7.14.0' ],
24 silly audit   'types-registry': [ '0.1.743' ]
24 silly audit }
25 http fetch POST 200 https://registry.npmjs.org/-/npm/v1/security/advisories/bulk 274ms
26 silly audit report {}
27 verbose cwd /home/lk117868/.cache/typescript/5.8
28 verbose os Linux 6.6.105+
29 verbose node v22.20.0
30 verbose npm  v11.6.2
31 verbose exit 0
32 info ok
